{"D:\\MyProjects\\simple-api-bank\\src\\server.ts": {"path":"D:\\MyProjects\\simple-api-bank\\src\\server.ts","statementMap":{"0":{"start":{"line":1,"column":0},"end":{"line":1,"column":30}},"1":{"start":{"line":2,"column":0},"end":{"line":2,"column":30}},"2":{"start":{"line":3,"column":0},"end":{"line":3,"column":37}},"3":{"start":{"line":4,"column":0},"end":{"line":4,"column":48}},"4":{"start":{"line":5,"column":0},"end":{"line":5,"column":24}},"5":{"start":{"line":6,"column":0},"end":{"line":6,"column":27}},"6":{"start":{"line":9,"column":23},"end":{"line":9,"column":41}},"7":{"start":{"line":11,"column":12},"end":{"line":11,"column":21}},"8":{"start":{"line":13,"column":0},"end":{"line":15,"column":4}},"9":{"start":{"line":17,"column":0},"end":{"line":17,"column":24}},"10":{"start":{"line":18,"column":0},"end":{"line":18,"column":46}},"11":{"start":{"line":19,"column":0},"end":{"line":19,"column":28}},"12":{"start":{"line":20,"column":0},"end":{"line":20,"column":22}},"13":{"start":{"line":22,"column":0},"end":{"line":22,"column":69}},"14":{"start":{"line":22,"column":23},"end":{"line":22,"column":67}}},"fnMap":{"0":{"name":"(anonymous_1)","decl":{"start":{"line":22,"column":17},"end":{"line":22,"column":20}},"loc":{"start":{"line":22,"column":23},"end":{"line":22,"column":67}}}},"branchMap":{},"s":{"0":0,"1":0,"2":0,"3":0,"4":0,"5":0,"6":0,"7":0,"8":0,"9":0,"10":0,"11":0,"12":0,"13":0,"14":0},"f":{"0":0},"b":{}}
,"D:\\MyProjects\\simple-api-bank\\src\\app\\controllers\\AccountController.ts": {"path":"D:\\MyProjects\\simple-api-bank\\src\\app\\controllers\\AccountController.ts","statementMap":{"0":{"start":{"line":1,"column":0},"end":{"line":1,"column":38}},"1":{"start":{"line":2,"column":0},"end":{"line":2,"column":36}},"2":{"start":{"line":3,"column":0},"end":{"line":3,"column":46}},"3":{"start":{"line":4,"column":0},"end":{"line":4,"column":51}},"4":{"start":{"line":14,"column":8},"end":{"line":35,"column":null}},"5":{"start":{"line":15,"column":33},"end":{"line":19,"column":14}},"6":{"start":{"line":21,"column":31},"end":{"line":21,"column":56}},"7":{"start":{"line":22,"column":34},"end":{"line":28,"column":14}},"8":{"start":{"line":30,"column":32},"end":{"line":30,"column":58}},"9":{"start":{"line":32,"column":12},"end":{"line":32,"column":82}},"10":{"start":{"line":34,"column":12},"end":{"line":34,"column":null}},"11":{"start":{"line":38,"column":30},"end":{"line":38,"column":75}},"12":{"start":{"line":40,"column":8},"end":{"line":40,"column":null}},"13":{"start":{"line":40,"column":28},"end":{"line":40,"column":null}},"14":{"start":{"line":43,"column":8},"end":{"line":58,"column":null}},"15":{"start":{"line":44,"column":12},"end":{"line":46,"column":null}},"16":{"start":{"line":48,"column":38},"end":{"line":51,"column":14}},"17":{"start":{"line":53,"column":12},"end":{"line":53,"column":null}},"18":{"start":{"line":55,"column":12},"end":{"line":55,"column":null}},"19":{"start":{"line":57,"column":12},"end":{"line":57,"column":null}},"20":{"start":{"line":62,"column":30},"end":{"line":62,"column":75}},"21":{"start":{"line":64,"column":8},"end":{"line":64,"column":null}},"22":{"start":{"line":64,"column":28},"end":{"line":64,"column":null}},"23":{"start":{"line":66,"column":8},"end":{"line":66,"column":null}},"24":{"start":{"line":66,"column":39},"end":{"line":66,"column":null}},"25":{"start":{"line":68,"column":8},"end":{"line":68,"column":null}},"26":{"start":{"line":68,"column":51},"end":{"line":68,"column":null}},"27":{"start":{"line":70,"column":8},"end":{"line":70,"column":null}},"28":{"start":{"line":70,"column":56},"end":{"line":70,"column":null}},"29":{"start":{"line":72,"column":8},"end":{"line":88,"column":null}},"30":{"start":{"line":73,"column":12},"end":{"line":76,"column":null}},"31":{"start":{"line":78,"column":38},"end":{"line":81,"column":14}},"32":{"start":{"line":83,"column":12},"end":{"line":83,"column":null}},"33":{"start":{"line":85,"column":12},"end":{"line":85,"column":null}},"34":{"start":{"line":87,"column":12},"end":{"line":87,"column":null}},"35":{"start":{"line":92,"column":30},"end":{"line":92,"column":77}},"36":{"start":{"line":94,"column":8},"end":{"line":94,"column":null}},"37":{"start":{"line":94,"column":28},"end":{"line":94,"column":null}},"38":{"start":{"line":96,"column":8},"end":{"line":96,"column":null}},"39":{"start":{"line":100,"column":30},"end":{"line":100,"column":75}},"40":{"start":{"line":102,"column":8},"end":{"line":102,"column":null}},"41":{"start":{"line":102,"column":28},"end":{"line":102,"column":null}},"42":{"start":{"line":103,"column":8},"end":{"line":111,"column":null}},"43":{"start":{"line":104,"column":12},"end":{"line":106,"column":null}},"44":{"start":{"line":108,"column":12},"end":{"line":108,"column":null}},"45":{"start":{"line":110,"column":12},"end":{"line":110,"column":null}},"46":{"start":{"line":114,"column":30},"end":{"line":114,"column":75}},"47":{"start":{"line":116,"column":8},"end":{"line":116,"column":null}},"48":{"start":{"line":116,"column":28},"end":{"line":116,"column":null}},"49":{"start":{"line":117,"column":8},"end":{"line":125,"column":null}},"50":{"start":{"line":118,"column":12},"end":{"line":120,"column":null}},"51":{"start":{"line":122,"column":12},"end":{"line":122,"column":null}},"52":{"start":{"line":124,"column":12},"end":{"line":124,"column":null}},"53":{"start":{"line":129,"column":0},"end":{"line":129,"column":37}}},"fnMap":{"0":{"name":"(anonymous_1)","decl":{"start":{"line":9,"column":4},"end":{"line":9,"column":9}},"loc":{"start":{"line":9,"column":15},"end":{"line":11,"column":5}}},"1":{"name":"(anonymous_2)","decl":{"start":{"line":13,"column":4},"end":{"line":13,"column":9}},"loc":{"start":{"line":13,"column":52},"end":{"line":36,"column":5}}},"2":{"name":"(anonymous_3)","decl":{"start":{"line":37,"column":4},"end":{"line":37,"column":9}},"loc":{"start":{"line":37,"column":54},"end":{"line":59,"column":5}}},"3":{"name":"(anonymous_4)","decl":{"start":{"line":61,"column":4},"end":{"line":61,"column":9}},"loc":{"start":{"line":61,"column":55},"end":{"line":89,"column":5}}},"4":{"name":"(anonymous_5)","decl":{"start":{"line":91,"column":4},"end":{"line":91,"column":9}},"loc":{"start":{"line":91,"column":54},"end":{"line":97,"column":5}}},"5":{"name":"(anonymous_6)","decl":{"start":{"line":99,"column":4},"end":{"line":99,"column":9}},"loc":{"start":{"line":99,"column":52},"end":{"line":112,"column":5}}},"6":{"name":"(anonymous_7)","decl":{"start":{"line":113,"column":4},"end":{"line":113,"column":9}},"loc":{"start":{"line":113,"column":52},"end":{"line":126,"column":5}}}},"branchMap":{"0":{"loc":{"start":{"line":25,"column":69},"end":{"line":25,"column":70}},"type":"cond-expr","locations":[{"start":{"line":25,"column":69},"end":{"line":25,"column":70}},{"start":{"line":25,"column":73},"end":{"line":25,"column":74}}]},"1":{"loc":{"start":{"line":40,"column":8},"end":{"line":40,"column":null}},"type":"if","locations":[{"start":{"line":40,"column":8},"end":{"line":40,"column":null}},{"start":{"line":40,"column":8},"end":{"line":40,"column":null}}]},"2":{"loc":{"start":{"line":64,"column":8},"end":{"line":64,"column":null}},"type":"if","locations":[{"start":{"line":64,"column":8},"end":{"line":64,"column":null}},{"start":{"line":64,"column":8},"end":{"line":64,"column":null}}]},"3":{"loc":{"start":{"line":66,"column":8},"end":{"line":66,"column":null}},"type":"if","locations":[{"start":{"line":66,"column":8},"end":{"line":66,"column":null}},{"start":{"line":66,"column":8},"end":{"line":66,"column":null}}]},"4":{"loc":{"start":{"line":68,"column":8},"end":{"line":68,"column":null}},"type":"if","locations":[{"start":{"line":68,"column":8},"end":{"line":68,"column":null}},{"start":{"line":68,"column":8},"end":{"line":68,"column":null}}]},"5":{"loc":{"start":{"line":70,"column":8},"end":{"line":70,"column":null}},"type":"if","locations":[{"start":{"line":70,"column":8},"end":{"line":70,"column":null}},{"start":{"line":70,"column":8},"end":{"line":70,"column":null}}]},"6":{"loc":{"start":{"line":94,"column":8},"end":{"line":94,"column":null}},"type":"if","locations":[{"start":{"line":94,"column":8},"end":{"line":94,"column":null}},{"start":{"line":94,"column":8},"end":{"line":94,"column":null}}]},"7":{"loc":{"start":{"line":102,"column":8},"end":{"line":102,"column":null}},"type":"if","locations":[{"start":{"line":102,"column":8},"end":{"line":102,"column":null}},{"start":{"line":102,"column":8},"end":{"line":102,"column":null}}]},"8":{"loc":{"start":{"line":116,"column":8},"end":{"line":116,"column":null}},"type":"if","locations":[{"start":{"line":116,"column":8},"end":{"line":116,"column":null}},{"start":{"line":116,"column":8},"end":{"line":116,"column":null}}]}},"s":{"0":0,"1":0,"2":0,"3":0,"4":0,"5":0,"6":0,"7":0,"8":0,"9":0,"10":0,"11":0,"12":0,"13":0,"14":0,"15":0,"16":0,"17":0,"18":0,"19":0,"20":0,"21":0,"22":0,"23":0,"24":0,"25":0,"26":0,"27":0,"28":0,"29":0,"30":0,"31":0,"32":0,"33":0,"34":0,"35":0,"36":0,"37":0,"38":0,"39":0,"40":0,"41":0,"42":0,"43":0,"44":0,"45":0,"46":0,"47":0,"48":0,"49":0,"50":0,"51":0,"52":0,"53":0},"f":{"0":0,"1":0,"2":0,"3":0,"4":0,"5":0,"6":0},"b":{"0":[0,0],"1":[0,0],"2":[0,0],"3":[0,0],"4":[0,0],"5":[0,0],"6":[0,0],"7":[0,0],"8":[0,0]}}
,"D:\\MyProjects\\simple-api-bank\\src\\app\\controllers\\PeapleController.ts": {"path":"D:\\MyProjects\\simple-api-bank\\src\\app\\controllers\\PeapleController.ts","statementMap":{"0":{"start":{"line":7,"column":0},"end":{"line":7,"column":36}}},"fnMap":{"0":{"name":"(anonymous_0)","decl":{"start":{"line":2,"column":4},"end":{"line":2,"column":9}},"loc":{"start":{"line":2,"column":15},"end":{"line":4,"column":5}}}},"branchMap":{},"s":{"0":0},"f":{"0":0},"b":{}}
,"D:\\MyProjects\\simple-api-bank\\src\\app\\controllers\\TransactionController.ts": {"path":"D:\\MyProjects\\simple-api-bank\\src\\app\\controllers\\TransactionController.ts","statementMap":{"0":{"start":{"line":1,"column":0},"end":{"line":1,"column":46}},"1":{"start":{"line":2,"column":0},"end":{"line":2,"column":54}},"2":{"start":{"line":7,"column":34},"end":{"line":7,"column":80}},"3":{"start":{"line":9,"column":8},"end":{"line":9,"column":null}},"4":{"start":{"line":9,"column":32},"end":{"line":9,"column":null}},"5":{"start":{"line":11,"column":8},"end":{"line":11,"column":71}},"6":{"start":{"line":16,"column":0},"end":{"line":16,"column":41}}},"fnMap":{"0":{"name":"(anonymous_1)","decl":{"start":{"line":6,"column":4},"end":{"line":6,"column":9}},"loc":{"start":{"line":6,"column":57},"end":{"line":13,"column":5}}}},"branchMap":{"0":{"loc":{"start":{"line":9,"column":8},"end":{"line":9,"column":null}},"type":"if","locations":[{"start":{"line":9,"column":8},"end":{"line":9,"column":null}},{"start":{"line":9,"column":8},"end":{"line":9,"column":null}}]}},"s":{"0":0,"1":0,"2":0,"3":0,"4":0,"5":0,"6":0},"f":{"0":0},"b":{"0":[0,0]}}
,"D:\\MyProjects\\simple-api-bank\\src\\app\\errors\\handler.ts": {"path":"D:\\MyProjects\\simple-api-bank\\src\\app\\errors\\handler.ts","statementMap":{"0":{"start":{"line":2,"column":0},"end":{"line":2,"column":38}},"1":{"start":{"line":8,"column":42},"end":{"line":21,"column":1}},"2":{"start":{"line":10,"column":2},"end":{"line":18,"column":null}},"3":{"start":{"line":11,"column":35},"end":{"line":11,"column":37}},"4":{"start":{"line":13,"column":4},"end":{"line":15,"column":7}},"5":{"start":{"line":14,"column":6},"end":{"line":14,"column":50}},"6":{"start":{"line":14,"column":20},"end":{"line":14,"column":50}},"7":{"start":{"line":17,"column":4},"end":{"line":17,"column":null}},"8":{"start":{"line":20,"column":2},"end":{"line":20,"column":72}},"9":{"start":{"line":23,"column":0},"end":{"line":23,"column":28}}},"fnMap":{"0":{"name":"(anonymous_0)","decl":{"start":{"line":8,"column":42},"end":{"line":8,"column":43}},"loc":{"start":{"line":8,"column":68},"end":{"line":21,"column":1}}},"1":{"name":"(anonymous_1)","decl":{"start":{"line":13,"column":24},"end":{"line":13,"column":27}},"loc":{"start":{"line":13,"column":30},"end":{"line":15,"column":5}}}},"branchMap":{"0":{"loc":{"start":{"line":10,"column":2},"end":{"line":18,"column":null}},"type":"if","locations":[{"start":{"line":10,"column":2},"end":{"line":18,"column":null}},{"start":{"line":10,"column":2},"end":{"line":18,"column":null}}]},"1":{"loc":{"start":{"line":14,"column":6},"end":{"line":14,"column":50}},"type":"if","locations":[{"start":{"line":14,"column":6},"end":{"line":14,"column":50}},{"start":{"line":14,"column":6},"end":{"line":14,"column":50}}]}},"s":{"0":0,"1":0,"2":0,"3":0,"4":0,"5":0,"6":0,"7":0,"8":0,"9":0},"f":{"0":0,"1":0},"b":{"0":[0,0],"1":[0,0]}}
,"D:\\MyProjects\\simple-api-bank\\src\\app\\models\\Account.ts": {"path":"D:\\MyProjects\\simple-api-bank\\src\\app\\models\\Account.ts","statementMap":{"0":{"start":{"line":1,"column":0},"end":{"line":1,"column":null}},"1":{"start":{"line":14,"column":0},"end":{"line":14,"column":30}},"2":{"start":{"line":15,"column":0},"end":{"line":15,"column":40}},"3":{"start":{"line":17,"column":0},"end":{"line":17,"column":null}},"4":{"start":{"line":18,"column":4},"end":{"line":18,"column":null}},"5":{"start":{"line":19,"column":4},"end":{"line":19,"column":null}},"6":{"start":{"line":23,"column":0},"end":{"line":62,"column":null}},"7":{"start":{"line":26,"column":4},"end":{"line":26,"column":null}},"8":{"start":{"line":29,"column":4},"end":{"line":29,"column":null}},"9":{"start":{"line":32,"column":4},"end":{"line":32,"column":null}},"10":{"start":{"line":35,"column":4},"end":{"line":35,"column":null}},"11":{"start":{"line":38,"column":4},"end":{"line":38,"column":null}},"12":{"start":{"line":41,"column":4},"end":{"line":41,"column":null}},"13":{"start":{"line":44,"column":4},"end":{"line":44,"column":null}},"14":{"start":{"line":47,"column":4},"end":{"line":47,"column":null}},"15":{"start":{"line":50,"column":4},"end":{"line":50,"column":null}},"16":{"start":{"line":53,"column":4},"end":{"line":53,"column":null}},"17":{"start":{"line":57,"column":4},"end":{"line":57,"column":null}},"18":{"start":{"line":55,"column":22},"end":{"line":55,"column":28}},"19":{"start":{"line":55,"column":40},"end":{"line":55,"column":54}},"20":{"start":{"line":61,"column":4},"end":{"line":61,"column":null}},"21":{"start":{"line":59,"column":23},"end":{"line":59,"column":34}},"22":{"start":{"line":59,"column":51},"end":{"line":59,"column":70}},"23":{"start":{"line":23,"column":21},"end":{"line":62,"column":null}},"24":{"start":{"line":23,"column":21},"end":{"line":23,"column":29}}},"fnMap":{"0":{"name":"(anonymous_3)","decl":{"start":{"line":17,"column":0},"end":{"line":17,"column":12}},"loc":{"start":{"line":17,"column":27},"end":{"line":20,"column":1}}},"1":{"name":"(anonymous_4)","decl":{"start":{"line":55,"column":14},"end":{"line":55,"column":18}},"loc":{"start":{"line":55,"column":22},"end":{"line":55,"column":28}}},"2":{"name":"(anonymous_5)","decl":{"start":{"line":55,"column":30},"end":{"line":55,"column":36}},"loc":{"start":{"line":55,"column":40},"end":{"line":55,"column":54}}},"3":{"name":"(anonymous_6)","decl":{"start":{"line":59,"column":15},"end":{"line":59,"column":19}},"loc":{"start":{"line":59,"column":23},"end":{"line":59,"column":34}}},"4":{"name":"(anonymous_7)","decl":{"start":{"line":59,"column":36},"end":{"line":59,"column":47}},"loc":{"start":{"line":59,"column":51},"end":{"line":59,"column":70}}}},"branchMap":{"0":{"loc":{"start":{"line":17,"column":12},"end":{"line":17,"column":27}},"type":"binary-expr","locations":[{"start":{"line":17,"column":12},"end":{"line":17,"column":27}},{"start":{"line":17,"column":12},"end":{"line":17,"column":null}}]}},"s":{"0":1,"1":1,"2":1,"3":1,"4":1,"5":1,"6":1,"7":1,"8":1,"9":1,"10":1,"11":1,"12":1,"13":1,"14":1,"15":1,"16":1,"17":1,"18":1,"19":1,"20":1,"21":1,"22":1,"23":1,"24":1},"f":{"0":1,"1":1,"2":1,"3":1,"4":1},"b":{"0":[1,1]}}
,"D:\\MyProjects\\simple-api-bank\\src\\app\\models\\People.ts": {"path":"D:\\MyProjects\\simple-api-bank\\src\\app\\models\\People.ts","statementMap":{"0":{"start":{"line":1,"column":0},"end":{"line":1,"column":null}},"1":{"start":{"line":11,"column":0},"end":{"line":11,"column":32}},"2":{"start":{"line":14,"column":0},"end":{"line":39,"column":null}},"3":{"start":{"line":17,"column":4},"end":{"line":17,"column":null}},"4":{"start":{"line":20,"column":4},"end":{"line":20,"column":null}},"5":{"start":{"line":23,"column":4},"end":{"line":23,"column":null}},"6":{"start":{"line":26,"column":4},"end":{"line":26,"column":null}},"7":{"start":{"line":29,"column":4},"end":{"line":29,"column":null}},"8":{"start":{"line":32,"column":4},"end":{"line":32,"column":null}},"9":{"start":{"line":35,"column":4},"end":{"line":35,"column":null}},"10":{"start":{"line":38,"column":4},"end":{"line":38,"column":null}},"11":{"start":{"line":37,"column":20},"end":{"line":37,"column":27}},"12":{"start":{"line":37,"column":40},"end":{"line":37,"column":54}},"13":{"start":{"line":14,"column":21},"end":{"line":39,"column":null}},"14":{"start":{"line":14,"column":21},"end":{"line":14,"column":28}}},"fnMap":{"0":{"name":"(anonymous_3)","decl":{"start":{"line":37,"column":14},"end":{"line":37,"column":17}},"loc":{"start":{"line":37,"column":20},"end":{"line":37,"column":27}}},"1":{"name":"(anonymous_4)","decl":{"start":{"line":37,"column":29},"end":{"line":37,"column":36}},"loc":{"start":{"line":37,"column":40},"end":{"line":37,"column":54}}}},"branchMap":{},"s":{"0":1,"1":1,"2":1,"3":1,"4":1,"5":1,"6":1,"7":1,"8":1,"9":1,"10":1,"11":1,"12":1,"13":1,"14":1},"f":{"0":1,"1":1},"b":{}}
,"D:\\MyProjects\\simple-api-bank\\src\\app\\models\\Transaction.ts": {"path":"D:\\MyProjects\\simple-api-bank\\src\\app\\models\\Transaction.ts","statementMap":{"0":{"start":{"line":1,"column":0},"end":{"line":1,"column":null}},"1":{"start":{"line":12,"column":0},"end":{"line":12,"column":32}},"2":{"start":{"line":15,"column":0},"end":{"line":39,"column":null}},"3":{"start":{"line":18,"column":4},"end":{"line":18,"column":null}},"4":{"start":{"line":21,"column":4},"end":{"line":21,"column":null}},"5":{"start":{"line":24,"column":4},"end":{"line":24,"column":null}},"6":{"start":{"line":27,"column":4},"end":{"line":27,"column":null}},"7":{"start":{"line":30,"column":4},"end":{"line":30,"column":null}},"8":{"start":{"line":33,"column":4},"end":{"line":33,"column":null}},"9":{"start":{"line":38,"column":4},"end":{"line":38,"column":null}},"10":{"start":{"line":36,"column":23},"end":{"line":36,"column":30}},"11":{"start":{"line":36,"column":43},"end":{"line":36,"column":62}},"12":{"start":{"line":15,"column":21},"end":{"line":39,"column":null}},"13":{"start":{"line":15,"column":21},"end":{"line":15,"column":33}}},"fnMap":{"0":{"name":"(anonymous_3)","decl":{"start":{"line":36,"column":15},"end":{"line":36,"column":19}},"loc":{"start":{"line":36,"column":23},"end":{"line":36,"column":30}}},"1":{"name":"(anonymous_4)","decl":{"start":{"line":36,"column":32},"end":{"line":36,"column":39}},"loc":{"start":{"line":36,"column":43},"end":{"line":36,"column":62}}}},"branchMap":{},"s":{"0":1,"1":1,"2":1,"3":1,"4":1,"5":1,"6":1,"7":1,"8":1,"9":1,"10":1,"11":1,"12":1,"13":1},"f":{"0":1,"1":1},"b":{}}
,"D:\\MyProjects\\simple-api-bank\\src\\app\\validators\\account.ts": {"path":"D:\\MyProjects\\simple-api-bank\\src\\app\\validators\\account.ts","statementMap":{"0":{"start":{"line":2,"column":0},"end":{"line":2,"column":27}},"1":{"start":{"line":5,"column":19},"end":{"line":11,"column":6}},"2":{"start":{"line":13,"column":4},"end":{"line":15,"column":7}},"3":{"start":{"line":17,"column":4},"end":{"line":17,"column":11}},"4":{"start":{"line":4,"column":0},"end":{"line":4,"column":7}},"5":{"start":{"line":21,"column":19},"end":{"line":24,"column":6}},"6":{"start":{"line":26,"column":4},"end":{"line":28,"column":7}},"7":{"start":{"line":30,"column":4},"end":{"line":30,"column":11}},"8":{"start":{"line":20,"column":0},"end":{"line":20,"column":7}},"9":{"start":{"line":34,"column":19},"end":{"line":36,"column":6}},"10":{"start":{"line":40,"column":4},"end":{"line":42,"column":7}},"11":{"start":{"line":44,"column":4},"end":{"line":44,"column":11}},"12":{"start":{"line":33,"column":0},"end":{"line":33,"column":7}}},"fnMap":{"0":{"name":"validStore","decl":{"start":{"line":4,"column":22},"end":{"line":4,"column":32}},"loc":{"start":{"line":4,"column":90},"end":{"line":18,"column":1}}},"1":{"name":"validDepositOrWithdraw","decl":{"start":{"line":20,"column":22},"end":{"line":20,"column":44}},"loc":{"start":{"line":20,"column":102},"end":{"line":31,"column":1}}},"2":{"name":"validAccountId","decl":{"start":{"line":33,"column":22},"end":{"line":33,"column":36}},"loc":{"start":{"line":33,"column":94},"end":{"line":45,"column":1}}}},"branchMap":{"0":{"loc":{"start":{"line":40,"column":38},"end":{"line":40,"column":61}},"type":"binary-expr","locations":[{"start":{"line":40,"column":38},"end":{"line":40,"column":61}},{"start":{"line":40,"column":65},"end":{"line":40,"column":90}}]}},"s":{"0":0,"1":0,"2":0,"3":0,"4":0,"5":0,"6":0,"7":0,"8":0,"9":0,"10":0,"11":0,"12":0},"f":{"0":0,"1":0,"2":0},"b":{"0":[0,0]}}
,"D:\\MyProjects\\simple-api-bank\\src\\app\\validators\\people.ts": {"path":"D:\\MyProjects\\simple-api-bank\\src\\app\\validators\\people.ts","statementMap":{"0":{"start":{"line":3,"column":0},"end":{"line":3,"column":27}},"1":{"start":{"line":6,"column":19},"end":{"line":10,"column":6}},"2":{"start":{"line":12,"column":4},"end":{"line":14,"column":7}},"3":{"start":{"line":16,"column":4},"end":{"line":16,"column":11}},"4":{"start":{"line":5,"column":0},"end":{"line":5,"column":7}}},"fnMap":{"0":{"name":"validStore","decl":{"start":{"line":5,"column":22},"end":{"line":5,"column":32}},"loc":{"start":{"line":5,"column":90},"end":{"line":17,"column":1}}}},"branchMap":{},"s":{"0":0,"1":0,"2":0,"3":0,"4":0},"f":{"0":0},"b":{}}
,"D:\\MyProjects\\simple-api-bank\\src\\interfaces\\IAccount.d.ts": {"path":"D:\\MyProjects\\simple-api-bank\\src\\interfaces\\IAccount.d.ts","statementMap":{},"fnMap":{},"branchMap":{},"s":{},"f":{},"b":{},"inputSourceMap":null}
,"D:\\MyProjects\\simple-api-bank\\src\\interfaces\\IEnv.d.ts": {"path":"D:\\MyProjects\\simple-api-bank\\src\\interfaces\\IEnv.d.ts","statementMap":{},"fnMap":{},"branchMap":{},"s":{},"f":{},"b":{},"inputSourceMap":null}
,"D:\\MyProjects\\simple-api-bank\\src\\routers\\AccountRouters.ts": {"path":"D:\\MyProjects\\simple-api-bank\\src\\routers\\AccountRouters.ts","statementMap":{"0":{"start":{"line":1,"column":0},"end":{"line":1,"column":33}},"1":{"start":{"line":2,"column":0},"end":{"line":2,"column":63}},"2":{"start":{"line":3,"column":0},"end":{"line":3,"column":null}},"3":{"start":{"line":9,"column":23},"end":{"line":9,"column":31}},"4":{"start":{"line":11,"column":0},"end":{"line":11,"column":68}},"5":{"start":{"line":12,"column":0},"end":{"line":12,"column":82}},"6":{"start":{"line":13,"column":0},"end":{"line":13,"column":84}},"7":{"start":{"line":14,"column":0},"end":{"line":14,"column":70}},"8":{"start":{"line":15,"column":0},"end":{"line":15,"column":70}},"9":{"start":{"line":16,"column":0},"end":{"line":16,"column":85}},"10":{"start":{"line":18,"column":0},"end":{"line":18,"column":30}}},"fnMap":{},"branchMap":{},"s":{"0":0,"1":0,"2":0,"3":0,"4":0,"5":0,"6":0,"7":0,"8":0,"9":0,"10":0},"f":{},"b":{}}
,"D:\\MyProjects\\simple-api-bank\\src\\routers\\PeapleRouters.ts": {"path":"D:\\MyProjects\\simple-api-bank\\src\\routers\\PeapleRouters.ts","statementMap":{"0":{"start":{"line":1,"column":0},"end":{"line":1,"column":33}},"1":{"start":{"line":2,"column":0},"end":{"line":2,"column":61}},"2":{"start":{"line":5,"column":22},"end":{"line":5,"column":30}},"3":{"start":{"line":7,"column":0},"end":{"line":7,"column":54}},"4":{"start":{"line":9,"column":0},"end":{"line":9,"column":29}}},"fnMap":{},"branchMap":{},"s":{"0":0,"1":0,"2":0,"3":0,"4":0},"f":{},"b":{}}
,"D:\\MyProjects\\simple-api-bank\\src\\routers\\TransactionRouters.ts": {"path":"D:\\MyProjects\\simple-api-bank\\src\\routers\\TransactionRouters.ts","statementMap":{"0":{"start":{"line":1,"column":0},"end":{"line":1,"column":33}},"1":{"start":{"line":2,"column":0},"end":{"line":2,"column":71}},"2":{"start":{"line":3,"column":0},"end":{"line":3,"column":53}},"3":{"start":{"line":6,"column":27},"end":{"line":6,"column":35}},"4":{"start":{"line":8,"column":0},"end":{"line":8,"column":96}},"5":{"start":{"line":10,"column":0},"end":{"line":10,"column":34}}},"fnMap":{},"branchMap":{},"s":{"0":0,"1":0,"2":0,"3":0,"4":0,"5":0},"f":{},"b":{}}
,"D:\\MyProjects\\simple-api-bank\\src\\routers\\index.ts": {"path":"D:\\MyProjects\\simple-api-bank\\src\\routers\\index.ts","statementMap":{"0":{"start":{"line":1,"column":0},"end":{"line":1,"column":32}},"1":{"start":{"line":2,"column":0},"end":{"line":2,"column":46}},"2":{"start":{"line":3,"column":0},"end":{"line":3,"column":54}},"3":{"start":{"line":5,"column":16},"end":{"line":5,"column":24}},"4":{"start":{"line":7,"column":0},"end":{"line":9,"column":3}},"5":{"start":{"line":8,"column":4},"end":{"line":8,"column":null}},"6":{"start":{"line":11,"column":0},"end":{"line":11,"column":null}},"7":{"start":{"line":12,"column":0},"end":{"line":12,"column":null}},"8":{"start":{"line":14,"column":0},"end":{"line":14,"column":23}}},"fnMap":{"0":{"name":"(anonymous_1)","decl":{"start":{"line":7,"column":17},"end":{"line":7,"column":18}},"loc":{"start":{"line":7,"column":39},"end":{"line":9,"column":1}}}},"branchMap":{},"s":{"0":0,"1":0,"2":0,"3":0,"4":0,"5":0,"6":0,"7":0,"8":0},"f":{"0":0},"b":{}}
,"D:\\MyProjects\\simple-api-bank\\src\\views\\Account.ts": {"path":"D:\\MyProjects\\simple-api-bank\\src\\views\\Account.ts","statementMap":{"0":{"start":{"line":5,"column":4},"end":{"line":12,"column":null}},"1":{"start":{"line":4,"column":0},"end":{"line":4,"column":16}}},"fnMap":{"0":{"name":"renderStorePeople","decl":{"start":{"line":4,"column":16},"end":{"line":4,"column":33}},"loc":{"start":{"line":4,"column":66},"end":{"line":13,"column":1}}}},"branchMap":{},"s":{"0":0,"1":0},"f":{"0":0},"b":{}}
,"D:\\MyProjects\\simple-api-bank\\src\\views\\Transaction.ts": {"path":"D:\\MyProjects\\simple-api-bank\\src\\views\\Transaction.ts","statementMap":{"0":{"start":{"line":4,"column":4},"end":{"line":10,"column":null}},"1":{"start":{"line":5,"column":8},"end":{"line":9,"column":null}},"2":{"start":{"line":3,"column":0},"end":{"line":3,"column":16}}},"fnMap":{"0":{"name":"renderHistoryAll","decl":{"start":{"line":3,"column":16},"end":{"line":3,"column":32}},"loc":{"start":{"line":3,"column":60},"end":{"line":11,"column":1}}},"1":{"name":"(anonymous_1)","decl":{"start":{"line":4,"column":28},"end":{"line":4,"column":39}},"loc":{"start":{"line":4,"column":42},"end":{"line":10,"column":5}}}},"branchMap":{},"s":{"0":0,"1":0,"2":0},"f":{"0":0,"1":0},"b":{}}
}
